<?xml version="1.0" encoding="UTF-8"?>
<coverage generated="1641261769989" clover="3.2.0">
  <project timestamp="1641261769989" name="All files">
    <metrics statements="13" coveredstatements="1" conditionals="0" coveredconditionals="0" methods="7" coveredmethods="1" elements="20" coveredelements="2" complexity="0" loc="13" ncloc="13" packages="1" files="3" classes="3"/>
    <file name="_app.tsx" path="C:\Users\antonio.almeida\Documents\workspace\front-goup\src\pages\_app.tsx">
      <metrics statements="1" coveredstatements="0" conditionals="0" coveredconditionals="0" methods="1" coveredmethods="0"/>
      <line num="6" count="0" type="stmt"/>
    </file>
    <file name="_document.tsx" path="C:\Users\antonio.almeida\Documents\workspace\front-goup\src\pages\_document.tsx">
      <metrics statements="11" coveredstatements="0" conditionals="0" coveredconditionals="0" methods="5" coveredmethods="0"/>
      <line num="12" count="0" type="stmt"/>
      <line num="13" count="0" type="stmt"/>
      <line num="15" count="0" type="stmt"/>
      <line num="16" count="0" type="stmt"/>
      <line num="17" count="0" type="stmt"/>
      <line num="18" count="0" type="stmt"/>
      <line num="19" count="0" type="stmt"/>
      <line num="22" count="0" type="stmt"/>
      <line num="23" count="0" type="stmt"/>
      <line num="33" count="0" type="stmt"/>
      <line num="38" count="0" type="stmt"/>
    </file>
    <file name="index.tsx" path="C:\Users\antonio.almeida\Documents\workspace\front-goup\src\pages\index.tsx">
      <metrics statements="1" coveredstatements="1" conditionals="0" coveredconditionals="0" methods="1" coveredmethods="1"/>
      <line num="2" count="1" type="stmt"/>
    </file>
  </project>
</coverage>
